{"timestamp":"2025-08-21T17:31:31.634025","level":"info","event":"DAG bundles loaded: dags-folder","logger":"airflow.dag_processing.bundles.manager.DagBundlesManager"}
{"timestamp":"2025-08-21T17:31:31.634705","level":"info","event":"Filling up the DagBag from /opt/airflow/dags/weather_dag.py","logger":"airflow.models.dagbag.DagBag"}
{"timestamp":"2025-08-21T17:31:31.790300","level":"info","event":"Data Directory created/present","logger":"scripts.main"}
{"timestamp":"2025-08-21T17:31:31.817998","level":"info","event":"Starting the main data pipeline.","logger":"scripts.main"}
{"timestamp":"2025-08-21T17:31:31.818741Z","level":"info","event":"Getting coordinates for: Delhi","chan":"stdout","logger":"task"}
{"timestamp":"2025-08-21T17:31:32.030016Z","level":"info","event":"Error 401 {\"cod\":401, \"message\": \"Invalid API key. Please see https://openweathermap.org/faq#error401 for more info.\"}","chan":"stdout","logger":"task"}
{"timestamp":"2025-08-21T17:31:32.031860Z","level":"info","event":"Getting coordinates for: Delhi","chan":"stdout","logger":"task"}
{"timestamp":"2025-08-21T17:31:32.030160","level":"critical","event":"Response not found:401 and {\"cod\":401, \"message\": \"Invalid API key. Please see https://openweathermap.org/faq#error401 for more info.\"}","logger":"scripts.elt_jobs.weather_api"}
{"timestamp":"2025-08-21T17:31:32.231877Z","level":"info","event":"Error 401 {\"cod\":401, \"message\": \"Invalid API key. Please see https://openweathermap.org/faq#error401 for more info.\"}","chan":"stdout","logger":"task"}
{"timestamp":"2025-08-21T17:31:32.233406Z","level":"info","event":"Getting coordinates for: Mumbai","chan":"stdout","logger":"task"}
{"timestamp":"2025-08-21T17:31:32.231877","level":"critical","event":"Response not available: 401 and {\"cod\":401, \"message\": \"Invalid API key. Please see https://openweathermap.org/faq#error401 for more info.\"}","logger":"scripts.elt_jobs.weather_api"}
{"timestamp":"2025-08-21T17:31:32.448991Z","level":"info","event":"Error 401 {\"cod\":401, \"message\": \"Invalid API key. Please see https://openweathermap.org/faq#error401 for more info.\"}","chan":"stdout","logger":"task"}
{"timestamp":"2025-08-21T17:31:32.450426Z","level":"info","event":"Getting coordinates for: Mumbai","chan":"stdout","logger":"task"}
{"timestamp":"2025-08-21T17:31:32.449099","level":"critical","event":"Response not found:401 and {\"cod\":401, \"message\": \"Invalid API key. Please see https://openweathermap.org/faq#error401 for more info.\"}","logger":"scripts.elt_jobs.weather_api"}
{"timestamp":"2025-08-21T17:31:32.614074Z","level":"info","event":"Error 401 {\"cod\":401, \"message\": \"Invalid API key. Please see https://openweathermap.org/faq#error401 for more info.\"}","chan":"stdout","logger":"task"}
{"timestamp":"2025-08-21T17:31:32.615045Z","level":"info","event":"Getting coordinates for: Chennai","chan":"stdout","logger":"task"}
{"timestamp":"2025-08-21T17:31:32.614139","level":"critical","event":"Response not available: 401 and {\"cod\":401, \"message\": \"Invalid API key. Please see https://openweathermap.org/faq#error401 for more info.\"}","logger":"scripts.elt_jobs.weather_api"}
{"timestamp":"2025-08-21T17:31:32.826678Z","level":"info","event":"Error 401 {\"cod\":401, \"message\": \"Invalid API key. Please see https://openweathermap.org/faq#error401 for more info.\"}","chan":"stdout","logger":"task"}
{"timestamp":"2025-08-21T17:31:32.826696","level":"critical","event":"Response not found:401 and {\"cod\":401, \"message\": \"Invalid API key. Please see https://openweathermap.org/faq#error401 for more info.\"}","logger":"scripts.elt_jobs.weather_api"}
{"timestamp":"2025-08-21T17:31:32.830233Z","level":"info","event":"Getting coordinates for: Chennai","chan":"stdout","logger":"task"}
{"timestamp":"2025-08-21T17:31:33.008218Z","level":"info","event":"Error 401 {\"cod\":401, \"message\": \"Invalid API key. Please see https://openweathermap.org/faq#error401 for more info.\"}","chan":"stdout","logger":"task"}
{"timestamp":"2025-08-21T17:31:33.010200Z","level":"info","event":"Getting coordinates for: Kolkata","chan":"stdout","logger":"task"}
{"timestamp":"2025-08-21T17:31:33.008326","level":"critical","event":"Response not available: 401 and {\"cod\":401, \"message\": \"Invalid API key. Please see https://openweathermap.org/faq#error401 for more info.\"}","logger":"scripts.elt_jobs.weather_api"}
{"timestamp":"2025-08-21T17:31:33.243920Z","level":"info","event":"Error 401 {\"cod\":401, \"message\": \"Invalid API key. Please see https://openweathermap.org/faq#error401 for more info.\"}","chan":"stdout","logger":"task"}
{"timestamp":"2025-08-21T17:31:33.244854Z","level":"info","event":"Getting coordinates for: Kolkata","chan":"stdout","logger":"task"}
{"timestamp":"2025-08-21T17:31:33.243925","level":"critical","event":"Response not found:401 and {\"cod\":401, \"message\": \"Invalid API key. Please see https://openweathermap.org/faq#error401 for more info.\"}","logger":"scripts.elt_jobs.weather_api"}
{"timestamp":"2025-08-21T17:31:33.392493Z","level":"info","event":"Error 401 {\"cod\":401, \"message\": \"Invalid API key. Please see https://openweathermap.org/faq#error401 for more info.\"}","chan":"stdout","logger":"task"}
{"timestamp":"2025-08-21T17:31:33.393822Z","level":"info","event":"Getting coordinates for: Bangalore","chan":"stdout","logger":"task"}
{"timestamp":"2025-08-21T17:31:33.392494","level":"critical","event":"Response not available: 401 and {\"cod\":401, \"message\": \"Invalid API key. Please see https://openweathermap.org/faq#error401 for more info.\"}","logger":"scripts.elt_jobs.weather_api"}
{"timestamp":"2025-08-21T17:31:33.589822Z","level":"info","event":"Error 401 {\"cod\":401, \"message\": \"Invalid API key. Please see https://openweathermap.org/faq#error401 for more info.\"}","chan":"stdout","logger":"task"}
{"timestamp":"2025-08-21T17:31:33.590494Z","level":"info","event":"Getting coordinates for: Bangalore","chan":"stdout","logger":"task"}
{"timestamp":"2025-08-21T17:31:33.589737","level":"critical","event":"Response not found:401 and {\"cod\":401, \"message\": \"Invalid API key. Please see https://openweathermap.org/faq#error401 for more info.\"}","logger":"scripts.elt_jobs.weather_api"}
{"timestamp":"2025-08-21T17:31:33.741934Z","level":"info","event":"Error 401 {\"cod\":401, \"message\": \"Invalid API key. Please see https://openweathermap.org/faq#error401 for more info.\"}","chan":"stdout","logger":"task"}
{"timestamp":"2025-08-21T17:31:33.742396Z","level":"info","event":"Getting coordinates for: Hyderabad","chan":"stdout","logger":"task"}
{"timestamp":"2025-08-21T17:31:33.741949","level":"critical","event":"Response not available: 401 and {\"cod\":401, \"message\": \"Invalid API key. Please see https://openweathermap.org/faq#error401 for more info.\"}","logger":"scripts.elt_jobs.weather_api"}
{"timestamp":"2025-08-21T17:31:33.922846Z","level":"info","event":"Error 401 {\"cod\":401, \"message\": \"Invalid API key. Please see https://openweathermap.org/faq#error401 for more info.\"}","chan":"stdout","logger":"task"}
{"timestamp":"2025-08-21T17:31:33.925036Z","level":"info","event":"Getting coordinates for: Hyderabad","chan":"stdout","logger":"task"}
{"timestamp":"2025-08-21T17:31:33.922844","level":"critical","event":"Response not found:401 and {\"cod\":401, \"message\": \"Invalid API key. Please see https://openweathermap.org/faq#error401 for more info.\"}","logger":"scripts.elt_jobs.weather_api"}
{"timestamp":"2025-08-21T17:31:34.073969Z","level":"info","event":"Error 401 {\"cod\":401, \"message\": \"Invalid API key. Please see https://openweathermap.org/faq#error401 for more info.\"}","chan":"stdout","logger":"task"}
{"timestamp":"2025-08-21T17:31:34.075257Z","level":"info","event":"Getting coordinates for: Ahmedabad","chan":"stdout","logger":"task"}
{"timestamp":"2025-08-21T17:31:34.073947","level":"critical","event":"Response not available: 401 and {\"cod\":401, \"message\": \"Invalid API key. Please see https://openweathermap.org/faq#error401 for more info.\"}","logger":"scripts.elt_jobs.weather_api"}
{"timestamp":"2025-08-21T17:31:34.291269Z","level":"info","event":"Error 401 {\"cod\":401, \"message\": \"Invalid API key. Please see https://openweathermap.org/faq#error401 for more info.\"}","chan":"stdout","logger":"task"}
{"timestamp":"2025-08-21T17:31:34.291980Z","level":"info","event":"Getting coordinates for: Ahmedabad","chan":"stdout","logger":"task"}
{"timestamp":"2025-08-21T17:31:34.291269","level":"critical","event":"Response not found:401 and {\"cod\":401, \"message\": \"Invalid API key. Please see https://openweathermap.org/faq#error401 for more info.\"}","logger":"scripts.elt_jobs.weather_api"}
{"timestamp":"2025-08-21T17:31:34.447409Z","level":"info","event":"Error 401 {\"cod\":401, \"message\": \"Invalid API key. Please see https://openweathermap.org/faq#error401 for more info.\"}","chan":"stdout","logger":"task"}
{"timestamp":"2025-08-21T17:31:34.448016Z","level":"info","event":"Getting coordinates for: Pune","chan":"stdout","logger":"task"}
{"timestamp":"2025-08-21T17:31:34.447438","level":"critical","event":"Response not available: 401 and {\"cod\":401, \"message\": \"Invalid API key. Please see https://openweathermap.org/faq#error401 for more info.\"}","logger":"scripts.elt_jobs.weather_api"}
{"timestamp":"2025-08-21T17:31:34.637218Z","level":"info","event":"Error 401 {\"cod\":401, \"message\": \"Invalid API key. Please see https://openweathermap.org/faq#error401 for more info.\"}","chan":"stdout","logger":"task"}
{"timestamp":"2025-08-21T17:31:34.637748Z","level":"info","event":"Getting coordinates for: Pune","chan":"stdout","logger":"task"}
{"timestamp":"2025-08-21T17:31:34.637186","level":"critical","event":"Response not found:401 and {\"cod\":401, \"message\": \"Invalid API key. Please see https://openweathermap.org/faq#error401 for more info.\"}","logger":"scripts.elt_jobs.weather_api"}
{"timestamp":"2025-08-21T17:31:34.788483Z","level":"info","event":"Error 401 {\"cod\":401, \"message\": \"Invalid API key. Please see https://openweathermap.org/faq#error401 for more info.\"}","chan":"stdout","logger":"task"}
{"timestamp":"2025-08-21T17:31:34.789154Z","level":"info","event":"Getting coordinates for: Jaipur","chan":"stdout","logger":"task"}
{"timestamp":"2025-08-21T17:31:34.788469","level":"critical","event":"Response not available: 401 and {\"cod\":401, \"message\": \"Invalid API key. Please see https://openweathermap.org/faq#error401 for more info.\"}","logger":"scripts.elt_jobs.weather_api"}
{"timestamp":"2025-08-21T17:31:35.038688Z","level":"info","event":"Error 401 {\"cod\":401, \"message\": \"Invalid API key. Please see https://openweathermap.org/faq#error401 for more info.\"}","chan":"stdout","logger":"task"}
{"timestamp":"2025-08-21T17:31:35.039391Z","level":"info","event":"Getting coordinates for: Jaipur","chan":"stdout","logger":"task"}
{"timestamp":"2025-08-21T17:31:35.038707","level":"critical","event":"Response not found:401 and {\"cod\":401, \"message\": \"Invalid API key. Please see https://openweathermap.org/faq#error401 for more info.\"}","logger":"scripts.elt_jobs.weather_api"}
{"timestamp":"2025-08-21T17:31:35.309545Z","level":"info","event":"Error 401 {\"cod\":401, \"message\": \"Invalid API key. Please see https://openweathermap.org/faq#error401 for more info.\"}","chan":"stdout","logger":"task"}
{"timestamp":"2025-08-21T17:31:35.310575Z","level":"info","event":"Getting coordinates for: Lucknow","chan":"stdout","logger":"task"}
{"timestamp":"2025-08-21T17:31:35.309490","level":"critical","event":"Response not available: 401 and {\"cod\":401, \"message\": \"Invalid API key. Please see https://openweathermap.org/faq#error401 for more info.\"}","logger":"scripts.elt_jobs.weather_api"}
{"timestamp":"2025-08-21T17:31:35.627332Z","level":"info","event":"Error 401 {\"cod\":401, \"message\": \"Invalid API key. Please see https://openweathermap.org/faq#error401 for more info.\"}","chan":"stdout","logger":"task"}
{"timestamp":"2025-08-21T17:31:35.628862Z","level":"info","event":"Getting coordinates for: Lucknow","chan":"stdout","logger":"task"}
{"timestamp":"2025-08-21T17:31:35.627279","level":"critical","event":"Response not found:401 and {\"cod\":401, \"message\": \"Invalid API key. Please see https://openweathermap.org/faq#error401 for more info.\"}","logger":"scripts.elt_jobs.weather_api"}
{"timestamp":"2025-08-21T17:31:35.861128Z","level":"info","event":"Error 401 {\"cod\":401, \"message\": \"Invalid API key. Please see https://openweathermap.org/faq#error401 for more info.\"}","chan":"stdout","logger":"task"}
{"timestamp":"2025-08-21T17:31:35.861121","level":"critical","event":"Response not available: 401 and {\"cod\":401, \"message\": \"Invalid API key. Please see https://openweathermap.org/faq#error401 for more info.\"}","logger":"scripts.elt_jobs.weather_api"}
{"timestamp":"2025-08-21T17:31:35.880628","level":"info","event":"Load to S3 Module started","logger":"scripts.elt_jobs.load_to_s3"}
{"timestamp":"2025-08-21T17:31:36.215297","level":"error","event":"Task failed with exception","logger":"task","error_detail":[{"exc_type":"TypeError","exc_value":"expected string or bytes-like object, got 'NoneType'","exc_notes":[],"syntax_error":null,"is_cause":false,"frames":[{"filename":"/home/airflow/.local/lib/python3.11/site-packages/airflow/sdk/execution_time/task_runner.py","lineno":890,"name":"run"},{"filename":"/home/airflow/.local/lib/python3.11/site-packages/airflow/sdk/execution_time/task_runner.py","lineno":1177,"name":"_execute_task"},{"filename":"/home/airflow/.local/lib/python3.11/site-packages/airflow/sdk/bases/operator.py","lineno":397,"name":"wrapper"},{"filename":"/home/airflow/.local/lib/python3.11/site-packages/airflow/providers/standard/operators/python.py","lineno":217,"name":"execute"},{"filename":"/home/airflow/.local/lib/python3.11/site-packages/airflow/providers/standard/operators/python.py","lineno":240,"name":"execute_callable"},{"filename":"/home/airflow/.local/lib/python3.11/site-packages/airflow/sdk/execution_time/callback_runner.py","lineno":81,"name":"run"},{"filename":"/opt/airflow/scripts/main.py","lineno":74,"name":"main"},{"filename":"/opt/airflow/scripts/elt_jobs/load_to_s3.py","lineno":63,"name":"load_to_s3"},{"filename":"/home/airflow/.local/lib/python3.11/site-packages/botocore/context.py","lineno":123,"name":"wrapper"},{"filename":"/home/airflow/.local/lib/python3.11/site-packages/boto3/s3/inject.py","lineno":175,"name":"upload_file"},{"filename":"/home/airflow/.local/lib/python3.11/site-packages/boto3/s3/transfer.py","lineno":368,"name":"upload_file"},{"filename":"/home/airflow/.local/lib/python3.11/site-packages/s3transfer/manager.py","lineno":337,"name":"upload"},{"filename":"/home/airflow/.local/lib/python3.11/site-packages/s3transfer/manager.py","lineno":506,"name":"_validate_if_bucket_supported"}],"is_group":false,"exceptions":[]}]}
