{"timestamp":"2025-08-21T17:22:26.264242","level":"info","event":"DAG bundles loaded: dags-folder","logger":"airflow.dag_processing.bundles.manager.DagBundlesManager"}
{"timestamp":"2025-08-21T17:22:26.265812","level":"info","event":"Filling up the DagBag from /opt/airflow/dags/weather_dag.py","logger":"airflow.models.dagbag.DagBag"}
{"timestamp":"2025-08-21T17:22:26.664165","level":"info","event":"Data Directory created/present","logger":"scripts.main"}
{"timestamp":"2025-08-21T17:22:27.200382","level":"info","event":"Starting the main data pipeline.","logger":"scripts.main"}
{"timestamp":"2025-08-21T17:22:27.201797Z","level":"info","event":"Getting coordinates for: Delhi","chan":"stdout","logger":"task"}
{"timestamp":"2025-08-21T17:22:27.567112Z","level":"info","event":"Error 401 {\"cod\":401, \"message\": \"Invalid API key. Please see https://openweathermap.org/faq#error401 for more info.\"}","chan":"stdout","logger":"task"}
{"timestamp":"2025-08-21T17:22:27.567141","level":"error","event":"Task failed with exception","logger":"task","error_detail":[{"exc_type":"AttributeError","exc_value":"'Logger' object has no attribute 'CRITICAL'","exc_notes":[],"syntax_error":null,"is_cause":false,"frames":[{"filename":"/home/airflow/.local/lib/python3.11/site-packages/airflow/sdk/execution_time/task_runner.py","lineno":890,"name":"run"},{"filename":"/home/airflow/.local/lib/python3.11/site-packages/airflow/sdk/execution_time/task_runner.py","lineno":1177,"name":"_execute_task"},{"filename":"/home/airflow/.local/lib/python3.11/site-packages/airflow/sdk/bases/operator.py","lineno":397,"name":"wrapper"},{"filename":"/home/airflow/.local/lib/python3.11/site-packages/airflow/providers/standard/operators/python.py","lineno":217,"name":"execute"},{"filename":"/home/airflow/.local/lib/python3.11/site-packages/airflow/providers/standard/operators/python.py","lineno":240,"name":"execute_callable"},{"filename":"/home/airflow/.local/lib/python3.11/site-packages/airflow/sdk/execution_time/callback_runner.py","lineno":81,"name":"run"},{"filename":"/opt/airflow/scripts/main.py","lineno":45,"name":"main"},{"filename":"/opt/airflow/scripts/elt_jobs/weather_api.py","lineno":95,"name":"weather_api"}],"is_group":false,"exceptions":[]}]}
{"timestamp":"2025-08-21T17:31:19.669576","level":"info","event":"DAG bundles loaded: dags-folder","logger":"airflow.dag_processing.bundles.manager.DagBundlesManager"}
{"timestamp":"2025-08-21T17:31:19.671229","level":"info","event":"Filling up the DagBag from /opt/airflow/dags/weather_dag.py","logger":"airflow.models.dagbag.DagBag"}
{"timestamp":"2025-08-21T17:31:20.178847","level":"info","event":"Data Directory created/present","logger":"scripts.main"}
{"timestamp":"2025-08-21T17:31:20.262944","level":"info","event":"Starting the main data pipeline.","logger":"scripts.main"}
{"timestamp":"2025-08-21T17:31:20.264392Z","level":"info","event":"Getting coordinates for: Delhi","chan":"stdout","logger":"task"}
{"timestamp":"2025-08-21T17:31:20.581997Z","level":"info","event":"Error 401 {\"cod\":401, \"message\": \"Invalid API key. Please see https://openweathermap.org/faq#error401 for more info.\"}","chan":"stdout","logger":"task"}
{"timestamp":"2025-08-21T17:31:20.582032","level":"critical","event":"Response not found:401 and {\"cod\":401, \"message\": \"Invalid API key. Please see https://openweathermap.org/faq#error401 for more info.\"}","logger":"scripts.elt_jobs.weather_api"}
{"timestamp":"2025-08-21T17:31:20.586251Z","level":"info","event":"Getting coordinates for: Delhi","chan":"stdout","logger":"task"}
{"timestamp":"2025-08-21T17:31:20.752525Z","level":"info","event":"Error 401 {\"cod\":401, \"message\": \"Invalid API key. Please see https://openweathermap.org/faq#error401 for more info.\"}","chan":"stdout","logger":"task"}
{"timestamp":"2025-08-21T17:31:20.753179Z","level":"info","event":"Getting coordinates for: Mumbai","chan":"stdout","logger":"task"}
{"timestamp":"2025-08-21T17:31:20.752490","level":"critical","event":"Response not available: 401 and {\"cod\":401, \"message\": \"Invalid API key. Please see https://openweathermap.org/faq#error401 for more info.\"}","logger":"scripts.elt_jobs.weather_api"}
{"timestamp":"2025-08-21T17:31:20.971505Z","level":"info","event":"Error 401 {\"cod\":401, \"message\": \"Invalid API key. Please see https://openweathermap.org/faq#error401 for more info.\"}","chan":"stdout","logger":"task"}
{"timestamp":"2025-08-21T17:31:20.973080Z","level":"info","event":"Getting coordinates for: Mumbai","chan":"stdout","logger":"task"}
{"timestamp":"2025-08-21T17:31:20.971522","level":"critical","event":"Response not found:401 and {\"cod\":401, \"message\": \"Invalid API key. Please see https://openweathermap.org/faq#error401 for more info.\"}","logger":"scripts.elt_jobs.weather_api"}
{"timestamp":"2025-08-21T17:31:21.133181Z","level":"info","event":"Error 401 {\"cod\":401, \"message\": \"Invalid API key. Please see https://openweathermap.org/faq#error401 for more info.\"}","chan":"stdout","logger":"task"}
{"timestamp":"2025-08-21T17:31:21.133709Z","level":"info","event":"Getting coordinates for: Chennai","chan":"stdout","logger":"task"}
{"timestamp":"2025-08-21T17:31:21.133177","level":"critical","event":"Response not available: 401 and {\"cod\":401, \"message\": \"Invalid API key. Please see https://openweathermap.org/faq#error401 for more info.\"}","logger":"scripts.elt_jobs.weather_api"}
{"timestamp":"2025-08-21T17:31:21.323772Z","level":"info","event":"Error 401 {\"cod\":401, \"message\": \"Invalid API key. Please see https://openweathermap.org/faq#error401 for more info.\"}","chan":"stdout","logger":"task"}
{"timestamp":"2025-08-21T17:31:21.324181Z","level":"info","event":"Getting coordinates for: Chennai","chan":"stdout","logger":"task"}
{"timestamp":"2025-08-21T17:31:21.323758","level":"critical","event":"Response not found:401 and {\"cod\":401, \"message\": \"Invalid API key. Please see https://openweathermap.org/faq#error401 for more info.\"}","logger":"scripts.elt_jobs.weather_api"}
{"timestamp":"2025-08-21T17:31:21.471960Z","level":"info","event":"Error 401 {\"cod\":401, \"message\": \"Invalid API key. Please see https://openweathermap.org/faq#error401 for more info.\"}","chan":"stdout","logger":"task"}
{"timestamp":"2025-08-21T17:31:21.474922Z","level":"info","event":"Getting coordinates for: Kolkata","chan":"stdout","logger":"task"}
{"timestamp":"2025-08-21T17:31:21.471899","level":"critical","event":"Response not available: 401 and {\"cod\":401, \"message\": \"Invalid API key. Please see https://openweathermap.org/faq#error401 for more info.\"}","logger":"scripts.elt_jobs.weather_api"}
{"timestamp":"2025-08-21T17:31:21.660000Z","level":"info","event":"Error 401 {\"cod\":401, \"message\": \"Invalid API key. Please see https://openweathermap.org/faq#error401 for more info.\"}","chan":"stdout","logger":"task"}
{"timestamp":"2025-08-21T17:31:21.661531Z","level":"info","event":"Getting coordinates for: Kolkata","chan":"stdout","logger":"task"}
{"timestamp":"2025-08-21T17:31:21.659936","level":"critical","event":"Response not found:401 and {\"cod\":401, \"message\": \"Invalid API key. Please see https://openweathermap.org/faq#error401 for more info.\"}","logger":"scripts.elt_jobs.weather_api"}
{"timestamp":"2025-08-21T17:31:21.835862Z","level":"info","event":"Error 401 {\"cod\":401, \"message\": \"Invalid API key. Please see https://openweathermap.org/faq#error401 for more info.\"}","chan":"stdout","logger":"task"}
{"timestamp":"2025-08-21T17:31:21.836328Z","level":"info","event":"Getting coordinates for: Bangalore","chan":"stdout","logger":"task"}
{"timestamp":"2025-08-21T17:31:21.835863","level":"critical","event":"Response not available: 401 and {\"cod\":401, \"message\": \"Invalid API key. Please see https://openweathermap.org/faq#error401 for more info.\"}","logger":"scripts.elt_jobs.weather_api"}
{"timestamp":"2025-08-21T17:31:22.047043Z","level":"info","event":"Error 401 {\"cod\":401, \"message\": \"Invalid API key. Please see https://openweathermap.org/faq#error401 for more info.\"}","chan":"stdout","logger":"task"}
{"timestamp":"2025-08-21T17:31:22.048328Z","level":"info","event":"Getting coordinates for: Bangalore","chan":"stdout","logger":"task"}
{"timestamp":"2025-08-21T17:31:22.047018","level":"critical","event":"Response not found:401 and {\"cod\":401, \"message\": \"Invalid API key. Please see https://openweathermap.org/faq#error401 for more info.\"}","logger":"scripts.elt_jobs.weather_api"}
{"timestamp":"2025-08-21T17:31:22.227386Z","level":"info","event":"Error 401 {\"cod\":401, \"message\": \"Invalid API key. Please see https://openweathermap.org/faq#error401 for more info.\"}","chan":"stdout","logger":"task"}
{"timestamp":"2025-08-21T17:31:22.227815Z","level":"info","event":"Getting coordinates for: Hyderabad","chan":"stdout","logger":"task"}
{"timestamp":"2025-08-21T17:31:22.227356","level":"critical","event":"Response not available: 401 and {\"cod\":401, \"message\": \"Invalid API key. Please see https://openweathermap.org/faq#error401 for more info.\"}","logger":"scripts.elt_jobs.weather_api"}
{"timestamp":"2025-08-21T17:31:22.440155Z","level":"info","event":"Error 401 {\"cod\":401, \"message\": \"Invalid API key. Please see https://openweathermap.org/faq#error401 for more info.\"}","chan":"stdout","logger":"task"}
{"timestamp":"2025-08-21T17:31:22.440656Z","level":"info","event":"Getting coordinates for: Hyderabad","chan":"stdout","logger":"task"}
{"timestamp":"2025-08-21T17:31:22.440130","level":"critical","event":"Response not found:401 and {\"cod\":401, \"message\": \"Invalid API key. Please see https://openweathermap.org/faq#error401 for more info.\"}","logger":"scripts.elt_jobs.weather_api"}
{"timestamp":"2025-08-21T17:31:22.601922Z","level":"info","event":"Error 401 {\"cod\":401, \"message\": \"Invalid API key. Please see https://openweathermap.org/faq#error401 for more info.\"}","chan":"stdout","logger":"task"}
{"timestamp":"2025-08-21T17:31:22.602610Z","level":"info","event":"Getting coordinates for: Ahmedabad","chan":"stdout","logger":"task"}
{"timestamp":"2025-08-21T17:31:22.601950","level":"critical","event":"Response not available: 401 and {\"cod\":401, \"message\": \"Invalid API key. Please see https://openweathermap.org/faq#error401 for more info.\"}","logger":"scripts.elt_jobs.weather_api"}
{"timestamp":"2025-08-21T17:31:22.808221Z","level":"info","event":"Error 401 {\"cod\":401, \"message\": \"Invalid API key. Please see https://openweathermap.org/faq#error401 for more info.\"}","chan":"stdout","logger":"task"}
{"timestamp":"2025-08-21T17:31:22.809313Z","level":"info","event":"Getting coordinates for: Ahmedabad","chan":"stdout","logger":"task"}
{"timestamp":"2025-08-21T17:31:22.808261","level":"critical","event":"Response not found:401 and {\"cod\":401, \"message\": \"Invalid API key. Please see https://openweathermap.org/faq#error401 for more info.\"}","logger":"scripts.elt_jobs.weather_api"}
{"timestamp":"2025-08-21T17:31:22.982094Z","level":"info","event":"Error 401 {\"cod\":401, \"message\": \"Invalid API key. Please see https://openweathermap.org/faq#error401 for more info.\"}","chan":"stdout","logger":"task"}
{"timestamp":"2025-08-21T17:31:22.983063Z","level":"info","event":"Getting coordinates for: Pune","chan":"stdout","logger":"task"}
{"timestamp":"2025-08-21T17:31:22.982034","level":"critical","event":"Response not available: 401 and {\"cod\":401, \"message\": \"Invalid API key. Please see https://openweathermap.org/faq#error401 for more info.\"}","logger":"scripts.elt_jobs.weather_api"}
{"timestamp":"2025-08-21T17:31:23.199619Z","level":"info","event":"Error 401 {\"cod\":401, \"message\": \"Invalid API key. Please see https://openweathermap.org/faq#error401 for more info.\"}","chan":"stdout","logger":"task"}
{"timestamp":"2025-08-21T17:31:23.200697Z","level":"info","event":"Getting coordinates for: Pune","chan":"stdout","logger":"task"}
{"timestamp":"2025-08-21T17:31:23.199599","level":"critical","event":"Response not found:401 and {\"cod\":401, \"message\": \"Invalid API key. Please see https://openweathermap.org/faq#error401 for more info.\"}","logger":"scripts.elt_jobs.weather_api"}
{"timestamp":"2025-08-21T17:31:23.368491Z","level":"info","event":"Error 401 {\"cod\":401, \"message\": \"Invalid API key. Please see https://openweathermap.org/faq#error401 for more info.\"}","chan":"stdout","logger":"task"}
{"timestamp":"2025-08-21T17:31:23.369704Z","level":"info","event":"Getting coordinates for: Jaipur","chan":"stdout","logger":"task"}
{"timestamp":"2025-08-21T17:31:23.368528","level":"critical","event":"Response not available: 401 and {\"cod\":401, \"message\": \"Invalid API key. Please see https://openweathermap.org/faq#error401 for more info.\"}","logger":"scripts.elt_jobs.weather_api"}
{"timestamp":"2025-08-21T17:31:23.575108Z","level":"info","event":"Error 401 {\"cod\":401, \"message\": \"Invalid API key. Please see https://openweathermap.org/faq#error401 for more info.\"}","chan":"stdout","logger":"task"}
{"timestamp":"2025-08-21T17:31:23.578327Z","level":"info","event":"Getting coordinates for: Jaipur","chan":"stdout","logger":"task"}
{"timestamp":"2025-08-21T17:31:23.575075","level":"critical","event":"Response not found:401 and {\"cod\":401, \"message\": \"Invalid API key. Please see https://openweathermap.org/faq#error401 for more info.\"}","logger":"scripts.elt_jobs.weather_api"}
{"timestamp":"2025-08-21T17:31:23.739616Z","level":"info","event":"Error 401 {\"cod\":401, \"message\": \"Invalid API key. Please see https://openweathermap.org/faq#error401 for more info.\"}","chan":"stdout","logger":"task"}
{"timestamp":"2025-08-21T17:31:23.741037Z","level":"info","event":"Getting coordinates for: Lucknow","chan":"stdout","logger":"task"}
{"timestamp":"2025-08-21T17:31:23.739606","level":"critical","event":"Response not available: 401 and {\"cod\":401, \"message\": \"Invalid API key. Please see https://openweathermap.org/faq#error401 for more info.\"}","logger":"scripts.elt_jobs.weather_api"}
{"timestamp":"2025-08-21T17:31:23.955812Z","level":"info","event":"Error 401 {\"cod\":401, \"message\": \"Invalid API key. Please see https://openweathermap.org/faq#error401 for more info.\"}","chan":"stdout","logger":"task"}
{"timestamp":"2025-08-21T17:31:23.959673Z","level":"info","event":"Getting coordinates for: Lucknow","chan":"stdout","logger":"task"}
{"timestamp":"2025-08-21T17:31:23.955612","level":"critical","event":"Response not found:401 and {\"cod\":401, \"message\": \"Invalid API key. Please see https://openweathermap.org/faq#error401 for more info.\"}","logger":"scripts.elt_jobs.weather_api"}
{"timestamp":"2025-08-21T17:31:24.134085Z","level":"info","event":"Error 401 {\"cod\":401, \"message\": \"Invalid API key. Please see https://openweathermap.org/faq#error401 for more info.\"}","chan":"stdout","logger":"task"}
{"timestamp":"2025-08-21T17:31:24.132608","level":"critical","event":"Response not available: 401 and {\"cod\":401, \"message\": \"Invalid API key. Please see https://openweathermap.org/faq#error401 for more info.\"}","logger":"scripts.elt_jobs.weather_api"}
{"timestamp":"2025-08-21T17:31:24.184380","level":"info","event":"Load to S3 Module started","logger":"scripts.elt_jobs.load_to_s3"}
{"timestamp":"2025-08-21T17:31:25.474225","level":"error","event":"Task failed with exception","logger":"task","error_detail":[{"exc_type":"TypeError","exc_value":"expected string or bytes-like object, got 'NoneType'","exc_notes":[],"syntax_error":null,"is_cause":false,"frames":[{"filename":"/home/airflow/.local/lib/python3.11/site-packages/airflow/sdk/execution_time/task_runner.py","lineno":890,"name":"run"},{"filename":"/home/airflow/.local/lib/python3.11/site-packages/airflow/sdk/execution_time/task_runner.py","lineno":1177,"name":"_execute_task"},{"filename":"/home/airflow/.local/lib/python3.11/site-packages/airflow/sdk/bases/operator.py","lineno":397,"name":"wrapper"},{"filename":"/home/airflow/.local/lib/python3.11/site-packages/airflow/providers/standard/operators/python.py","lineno":217,"name":"execute"},{"filename":"/home/airflow/.local/lib/python3.11/site-packages/airflow/providers/standard/operators/python.py","lineno":240,"name":"execute_callable"},{"filename":"/home/airflow/.local/lib/python3.11/site-packages/airflow/sdk/execution_time/callback_runner.py","lineno":81,"name":"run"},{"filename":"/opt/airflow/scripts/main.py","lineno":74,"name":"main"},{"filename":"/opt/airflow/scripts/elt_jobs/load_to_s3.py","lineno":63,"name":"load_to_s3"},{"filename":"/home/airflow/.local/lib/python3.11/site-packages/botocore/context.py","lineno":123,"name":"wrapper"},{"filename":"/home/airflow/.local/lib/python3.11/site-packages/boto3/s3/inject.py","lineno":175,"name":"upload_file"},{"filename":"/home/airflow/.local/lib/python3.11/site-packages/boto3/s3/transfer.py","lineno":368,"name":"upload_file"},{"filename":"/home/airflow/.local/lib/python3.11/site-packages/s3transfer/manager.py","lineno":337,"name":"upload"},{"filename":"/home/airflow/.local/lib/python3.11/site-packages/s3transfer/manager.py","lineno":506,"name":"_validate_if_bucket_supported"}],"is_group":false,"exceptions":[]}]}
